2016-07-04 14:04:55,540 [Worker-1] INFO  c.g.t.t.d.PublishedGradleVersions - Gradle version information cache is out-of-date. Trying to update.
2016-07-04 14:06:58,731 [Worker-2] INFO  c.g.t.t.d.PublishedGradleVersions - Gradle version information cache is up-to-date. Trying to read.
2016-07-04 17:18:18,520 [Worker-1] INFO  c.g.t.t.d.PublishedGradleVersions - Gradle version information cache is up-to-date. Trying to read.
2016-07-06 15:00:11,826 [Worker-3] INFO  c.g.t.t.d.PublishedGradleVersions - Gradle version information cache is out-of-date. Trying to update.
2016-07-06 15:00:57,044 [Start Help Server] INFO  org.eclipse.jetty.util.log - Logging initialized @166510ms
2016-07-06 15:00:57,681 [Start Help Server] INFO  org.eclipse.jetty.server.Server - jetty-9.3.9.v20160517
2016-07-06 15:00:57,816 [Start Help Server] INFO  o.e.j.server.handler.ContextHandler - Started o.e.j.s.ServletContextHandler@77139271{/help,null,AVAILABLE}
2016-07-06 15:00:57,875 [Start Help Server] INFO  o.e.jetty.server.AbstractConnector - Started ServerConnector@6645b8bf{HTTP/1.1,[http/1.1]}{127.0.0.1:60604}
2016-07-06 15:00:57,876 [Start Help Server] INFO  org.eclipse.jetty.server.Server - Started @167343ms
2016-07-06 16:02:40,585 [Stop Help Server] INFO  o.e.jetty.server.AbstractConnector - Stopped ServerConnector@6645b8bf{HTTP/1.1,[http/1.1]}{127.0.0.1:0}
2016-07-06 16:02:40,783 [Stop Help Server] INFO  o.e.j.server.handler.ContextHandler - Stopped o.e.j.s.ServletContextHandler@77139271{/help,null,UNAVAILABLE}
2016-07-07 14:12:24,485 [Worker-0] INFO  c.g.t.t.d.PublishedGradleVersions - Gradle version information cache is up-to-date. Trying to read.
2016-07-13 14:44:16,346 [Worker-1] INFO  c.g.t.t.d.PublishedGradleVersions - Gradle version information cache is up-to-date. Trying to read.
2016-07-18 14:56:23,767 [Worker-2] INFO  c.g.t.t.d.PublishedGradleVersions - Gradle version information cache is up-to-date. Trying to read.
2016-07-20 14:27:30,089 [Worker-0] INFO  c.g.t.t.d.PublishedGradleVersions - Gradle version information cache is out-of-date. Trying to update.
2016-07-22 13:49:50,942 [Worker-9] INFO  c.g.t.t.d.PublishedGradleVersions - Gradle version information cache is out-of-date. Trying to update.
2016-07-25 10:46:37,156 [Worker-3] INFO  c.g.t.t.d.PublishedGradleVersions - Gradle version information cache is out-of-date. Trying to update.
2016-07-26 14:08:21,497 [Worker-0] INFO  c.g.t.t.d.PublishedGradleVersions - Gradle version information cache is out-of-date. Trying to update.
2016-07-26 19:46:08,876 [Worker-2] INFO  c.g.t.t.d.PublishedGradleVersions - Gradle version information cache is up-to-date. Trying to read.
2016-07-27 10:32:42,411 [Worker-0] INFO  c.g.t.t.d.PublishedGradleVersions - Gradle version information cache is up-to-date. Trying to read.
2016-07-27 14:58:28,246 [Worker-5] INFO  c.g.t.t.d.PublishedGradleVersions - Gradle version information cache is out-of-date. Trying to update.
2016-08-01 14:11:39,428 [Worker-2] INFO  c.g.t.t.d.PublishedGradleVersions - Gradle version information cache is up-to-date. Trying to read.
2016-08-01 16:38:57,954 [Worker-1] INFO  c.g.t.t.d.PublishedGradleVersions - Gradle version information cache is up-to-date. Trying to read.
2016-08-02 15:09:43,550 [Worker-4] INFO  c.g.t.t.d.PublishedGradleVersions - Gradle version information cache is out-of-date. Trying to update.
2016-08-03 09:02:38,912 [Worker-1] INFO  c.g.t.t.d.PublishedGradleVersions - Gradle version information cache is up-to-date. Trying to read.
2016-08-04 15:57:50,208 [Worker-0] INFO  c.g.t.t.d.PublishedGradleVersions - Gradle version information cache is out-of-date. Trying to update.
2016-08-04 16:08:46,389 [Worker-2] INFO  c.g.t.t.d.PublishedGradleVersions - Gradle version information cache is up-to-date. Trying to read.
2016-08-05 15:06:56,419 [Worker-1] INFO  c.g.t.t.d.PublishedGradleVersions - Gradle version information cache is up-to-date. Trying to read.
2016-08-08 10:25:45,512 [Worker-1] INFO  c.g.t.t.d.PublishedGradleVersions - Gradle version information cache is out-of-date. Trying to update.
2016-08-08 14:27:31,869 [Worker-49] INFO  c.g.t.t.d.PublishedGradleVersions - Gradle version information cache is up-to-date. Trying to read.
2016-08-09 14:11:08,202 [Worker-14] INFO  c.g.t.t.d.PublishedGradleVersions - Gradle version information cache is out-of-date. Trying to update.
2016-08-09 14:11:33,275 [Worker-14] INFO  c.g.t.t.d.PublishedGradleVersions - Updating Gradle version information cache failed. Using outdated cache.
2016-08-09 14:29:43,859 [Worker-1] INFO  c.g.t.t.d.PublishedGradleVersions - Gradle version information cache is out-of-date. Trying to update.
2016-08-09 15:52:55,769 [Worker-0] INFO  c.g.t.t.d.PublishedGradleVersions - Gradle version information cache is up-to-date. Trying to read.
2016-08-09 16:22:48,266 [Worker-0] INFO  c.g.t.t.d.PublishedGradleVersions - Gradle version information cache is up-to-date. Trying to read.
2016-08-10 10:11:32,594 [Worker-20] INFO  c.g.t.t.d.PublishedGradleVersions - Gradle version information cache is up-to-date. Trying to read.
2016-08-10 14:13:33,878 [Worker-41] INFO  c.g.t.t.d.PublishedGradleVersions - Gradle version information cache is up-to-date. Trying to read.
2016-08-10 15:26:37,707 [Worker-12] INFO  c.g.t.t.d.PublishedGradleVersions - Gradle version information cache is out-of-date. Trying to update.
2016-08-11 14:00:03,363 [Worker-6] INFO  c.g.t.t.d.PublishedGradleVersions - Gradle version information cache is up-to-date. Trying to read.
2016-08-11 17:39:38,352 [Worker-0] INFO  c.g.t.t.d.PublishedGradleVersions - Gradle version information cache is out-of-date. Trying to update.
2016-08-11 18:19:01,176 [Worker-6] INFO  c.g.t.t.d.PublishedGradleVersions - Gradle version information cache is up-to-date. Trying to read.
2016-08-11 18:24:03,105 [Start Help Server] INFO  org.eclipse.jetty.util.log - Logging initialized @479361ms
2016-08-11 18:24:03,293 [Start Help Server] INFO  org.eclipse.jetty.server.Server - jetty-9.3.9.v20160517
2016-08-11 18:24:03,351 [Start Help Server] INFO  o.e.j.server.handler.ContextHandler - Started o.e.j.s.ServletContextHandler@28db85c1{/help,null,AVAILABLE}
2016-08-11 18:24:03,393 [Start Help Server] INFO  o.e.jetty.server.AbstractConnector - Started ServerConnector@13c072ef{HTTP/1.1,[http/1.1]}{127.0.0.1:50593}
2016-08-11 18:24:03,393 [Start Help Server] INFO  org.eclipse.jetty.server.Server - Started @479650ms
2016-08-11 18:25:54,767 [Stop Help Server] INFO  o.e.jetty.server.AbstractConnector - Stopped ServerConnector@13c072ef{HTTP/1.1,[http/1.1]}{127.0.0.1:0}
2016-08-11 18:25:54,834 [Stop Help Server] INFO  o.e.j.server.handler.ContextHandler - Stopped o.e.j.s.ServletContextHandler@28db85c1{/help,null,UNAVAILABLE}
2016-08-11 18:41:04,571 [Worker-13] INFO  c.g.t.t.d.PublishedGradleVersions - Gradle version information cache is up-to-date. Trying to read.
2016-08-11 18:50:52,754 [Worker-11] INFO  c.g.t.t.d.PublishedGradleVersions - Gradle version information cache is up-to-date. Trying to read.
2016-08-11 19:01:25,049 [Start Help Server] INFO  org.eclipse.jetty.util.log - Logging initialized @883141ms
2016-08-11 19:01:25,177 [Start Help Server] INFO  org.eclipse.jetty.server.Server - jetty-9.3.9.v20160517
2016-08-11 19:01:25,240 [Start Help Server] INFO  o.e.j.server.handler.ContextHandler - Started o.e.j.s.ServletContextHandler@7d6e1dbf{/help,null,AVAILABLE}
2016-08-11 19:01:25,258 [Start Help Server] INFO  o.e.jetty.server.AbstractConnector - Started ServerConnector@74ed31bf{HTTP/1.1,[http/1.1]}{127.0.0.1:51367}
2016-08-11 19:01:25,258 [Start Help Server] INFO  org.eclipse.jetty.server.Server - Started @883350ms
2016-08-11 19:48:08,258 [Stop Help Server] INFO  o.e.jetty.server.AbstractConnector - Stopped ServerConnector@74ed31bf{HTTP/1.1,[http/1.1]}{127.0.0.1:0}
2016-08-11 19:48:08,357 [Stop Help Server] INFO  o.e.j.server.handler.ContextHandler - Stopped o.e.j.s.ServletContextHandler@7d6e1dbf{/help,null,UNAVAILABLE}
2016-08-12 14:16:20,863 [Worker-21] INFO  c.g.t.t.d.PublishedGradleVersions - Gradle version information cache is up-to-date. Trying to read.
2016-08-12 14:19:02,024 [Worker-2] INFO  c.g.t.t.d.PublishedGradleVersions - Gradle version information cache is up-to-date. Trying to read.
2016-08-12 16:21:54,600 [Worker-5] INFO  c.g.t.t.d.PublishedGradleVersions - Gradle version information cache is up-to-date. Trying to read.
2016-08-15 14:16:59,657 [Worker-2] INFO  c.g.t.t.d.PublishedGradleVersions - Gradle version information cache is out-of-date. Trying to update.
2016-08-15 14:47:07,036 [Worker-2] INFO  c.g.t.t.d.PublishedGradleVersions - Gradle version information cache is up-to-date. Trying to read.
2016-08-15 18:19:06,094 [Worker-10] INFO  c.g.t.t.d.PublishedGradleVersions - Gradle version information cache is up-to-date. Trying to read.
2016-08-15 18:29:45,044 [Worker-5] INFO  c.g.t.t.d.PublishedGradleVersions - Gradle version information cache is up-to-date. Trying to read.
2016-08-16 13:20:32,703 [Worker-10] INFO  c.g.t.t.d.PublishedGradleVersions - Gradle version information cache is up-to-date. Trying to read.
2016-08-16 13:39:53,128 [Start Help Server] INFO  org.eclipse.jetty.util.log - Logging initialized @1456299ms
2016-08-16 13:39:53,471 [Start Help Server] INFO  org.eclipse.jetty.server.Server - jetty-9.3.9.v20160517
2016-08-16 13:39:53,555 [Start Help Server] INFO  o.e.j.server.handler.ContextHandler - Started o.e.j.s.ServletContextHandler@78059b8a{/help,null,AVAILABLE}
2016-08-16 13:39:53,628 [Start Help Server] INFO  o.e.jetty.server.AbstractConnector - Started ServerConnector@55a69a95{HTTP/1.1,[http/1.1]}{127.0.0.1:58776}
2016-08-16 13:39:53,628 [Start Help Server] INFO  org.eclipse.jetty.server.Server - Started @1456800ms
2016-08-16 17:54:19,655 [Stop Help Server] INFO  o.e.jetty.server.AbstractConnector - Stopped ServerConnector@55a69a95{HTTP/1.1,[http/1.1]}{127.0.0.1:0}
2016-08-16 17:54:19,722 [Stop Help Server] INFO  o.e.j.server.handler.ContextHandler - Stopped o.e.j.s.ServletContextHandler@78059b8a{/help,null,UNAVAILABLE}
2016-08-17 09:47:24,343 [Worker-1] INFO  c.g.t.t.d.PublishedGradleVersions - Gradle version information cache is up-to-date. Trying to read.
2016-08-18 14:26:56,591 [Worker-2] INFO  c.g.t.t.d.PublishedGradleVersions - Gradle version information cache is up-to-date. Trying to read.
2016-08-18 14:39:43,882 [Worker-2] INFO  c.g.t.t.d.PublishedGradleVersions - Gradle version information cache is up-to-date. Trying to read.
2016-08-19 09:15:47,554 [Worker-0] INFO  c.g.t.t.d.PublishedGradleVersions - Gradle version information cache is up-to-date. Trying to read.
2016-08-23 14:09:26,757 [Worker-2] INFO  c.g.t.t.d.PublishedGradleVersions - Gradle version information cache is up-to-date. Trying to read.
2016-08-29 10:19:04,390 [Worker-0] INFO  c.g.t.t.d.PublishedGradleVersions - Gradle version information cache is up-to-date. Trying to read.
2016-08-29 14:40:29,422 [Worker-0] INFO  c.g.t.t.d.PublishedGradleVersions - Gradle version information cache is up-to-date. Trying to read.
2016-09-01 14:10:02,781 [Worker-2] INFO  c.g.t.t.d.PublishedGradleVersions - Gradle version information cache is up-to-date. Trying to read.
2016-09-01 14:19:36,103 [Worker-0] INFO  c.g.t.t.d.PublishedGradleVersions - Gradle version information cache is up-to-date. Trying to read.
